<?xml version="1.0" encoding="UTF-8"?>
<!-- Generated by org.testng.reporters.JUnitReportReporter -->
<testsuite hostname="Shiva" failures="0" tests="2" name="Test.LoginTest" time="23.249" errors="0" timestamp="2023-10-10T19:05:01 IST" skipped="0">
  <testcase classname="Test.LoginTest" name="login" time="17.943"/>
  <testcase classname="Test.LoginTest" name="login" time="5.306"/>
</testsuite> <!-- Test.LoginTest -->
