<?xml version="1.0" encoding="UTF-8"?>
<!-- Generated by org.testng.reporters.JUnitReportReporter -->
<testsuite hostname="Shiva" failures="0" tests="1" name="Test.TwoTest" time="5.829" errors="0" timestamp="2023-10-10T19:05:01 IST" skipped="0">
  <testcase classname="Test.TwoTest" name="TestTwo" time="5.829"/>
</testsuite> <!-- Test.TwoTest -->
