<?xml version="1.0" encoding="UTF-8"?>
<!-- Generated by org.testng.reporters.JUnitReportReporter -->
<testsuite hostname="Shiva" failures="0" tests="1" name="Test.OneTest" time="0.000" errors="0" timestamp="2023-10-10T14:10:42 IST" skipped="0">
  <testcase classname="Test.OneTest" name="TestOne" time="0.000"/>
</testsuite> <!-- Test.OneTest -->
