<?xml version="1.0" encoding="UTF-8"?>
<!-- Generated by org.testng.reporters.JUnitReportReporter -->
<testsuite hostname="Shiva" failures="0" tests="2" name="Test.LoginTest" time="20.527" errors="0" timestamp="2023-10-10T14:10:42 IST" skipped="0">
  <testcase classname="Test.LoginTest" name="login" time="14.343"/>
  <testcase classname="Test.LoginTest" name="login" time="6.184"/>
</testsuite> <!-- Test.LoginTest -->
